{"level":"warn","message":"se cargaron los productos","timestamp":"2022-01-04T15:31:12.892Z"}
{"level":"warn","message":"se cargaron los productos","timestamp":"2022-01-04T21:58:31.990Z"}
{"level":"warn","message":"se cargaron los productos","timestamp":"2022-01-07T22:37:20.472Z"}
{"level":"warn","message":"se cargaron los productos","timestamp":"2022-01-07T22:44:25.219Z"}
{"level":"warn","message":"se cargaron los productos","timestamp":"2022-01-07T22:48:58.438Z"}
{"level":"warn","message":"se cargaron los productos","timestamp":"2022-01-07T22:52:18.934Z"}
{"level":"warn","message":"se cargaron los productos","timestamp":"2022-01-07T22:54:03.046Z"}
{"level":"warn","message":"se cargaron los productos","timestamp":"2022-01-07T22:57:56.648Z"}
{"level":"warn","message":"se cargaron los productos","timestamp":"2022-01-07T23:27:28.724Z"}
{"level":"warn","message":"se cargaron los productos","timestamp":"2022-01-07T23:27:41.677Z"}
{"level":"warn","message":"se cargaron los productos","timestamp":"2022-01-07T23:27:49.373Z"}
{"level":"warn","message":"se cargaron los productos","timestamp":"2022-01-07T23:52:26.675Z"}
{"level":"warn","message":"se cargaron los productos","timestamp":"2022-01-08T00:09:09.943Z"}
{"level":"warn","message":"se cargaron los productos","timestamp":"2022-01-08T00:09:17.006Z"}
{"level":"warn","message":"se cargaron los productos","timestamp":"2022-01-08T00:12:55.382Z"}
{"level":"warn","message":"se cargaron los productos","timestamp":"2022-01-08T00:13:01.053Z"}
{"level":"warn","message":"se cargaron los productos","timestamp":"2022-01-08T00:13:50.137Z"}
{"level":"warn","message":"se cargaron los productos","timestamp":"2022-01-08T00:14:46.044Z"}
{"level":"warn","message":"se cargaron los productos","timestamp":"2022-01-08T00:15:30.644Z"}
{"level":"warn","message":"se cargaron los productos","timestamp":"2022-01-08T00:16:45.505Z"}
{"level":"warn","message":"se cargaron los productos","timestamp":"2022-01-08T00:16:55.573Z"}
{"level":"warn","message":"se cargaron los productos","timestamp":"2022-01-08T00:20:00.543Z"}
{"level":"warn","message":"se cargaron los productos","timestamp":"2022-01-08T00:20:04.838Z"}
{"level":"warn","message":"se cargaron los productos","timestamp":"2022-01-08T00:24:46.473Z"}
{"level":"warn","message":"se cargaron los productos","timestamp":"2022-01-08T00:24:59.099Z"}
{"level":"warn","message":"se cargaron los productos","timestamp":"2022-01-08T00:25:48.874Z"}
{"level":"warn","message":"se cargaron los productos","timestamp":"2022-01-08T00:26:29.577Z"}
{"level":"warn","message":"se cargaron los productos","timestamp":"2022-01-08T00:27:30.491Z"}
{"level":"warn","message":"se cargaron los productos","timestamp":"2022-01-08T00:27:43.924Z"}
{"level":"warn","message":"se cargaron los productos","timestamp":"2022-01-08T00:28:48.357Z"}
{"level":"warn","message":"se cargaron los productos","timestamp":"2022-01-08T00:29:05.373Z"}
{"level":"warn","message":"se cargaron los productos","timestamp":"2022-01-08T00:32:01.820Z"}
{"level":"warn","message":"se cargaron los productos","timestamp":"2022-01-08T00:32:10.586Z"}
{"level":"warn","message":"se cargaron los productos","timestamp":"2022-01-08T00:32:27.056Z"}
{"level":"warn","message":"se cargaron los productos","timestamp":"2022-01-08T00:33:28.642Z"}
{"level":"warn","message":"se cargaron los productos","timestamp":"2022-01-08T00:38:58.450Z"}
{"level":"warn","message":"se cargaron los productos","timestamp":"2022-01-08T00:39:08.942Z"}
{"level":"warn","message":"se cargaron los productos","timestamp":"2022-01-08T00:40:12.321Z"}
{"level":"warn","message":"se cargaron los productos","timestamp":"2022-01-08T00:41:22.268Z"}
{"level":"warn","message":"se cargaron los productos","timestamp":"2022-01-08T00:41:29.897Z"}
{"level":"warn","message":"se cargaron los productos","timestamp":"2022-01-08T00:41:47.854Z"}
{"level":"warn","message":"se cargaron los productos","timestamp":"2022-01-08T00:42:52.873Z"}
{"level":"warn","message":"se cargaron los productos","timestamp":"2022-01-08T00:42:58.594Z"}
{"level":"warn","message":"se cargaron los productos","timestamp":"2022-01-08T00:43:05.234Z"}
{"level":"warn","message":"se cargaron los productos","timestamp":"2022-01-08T00:43:12.609Z"}
{"level":"warn","message":"se cargaron los productos","timestamp":"2022-01-08T00:44:20.448Z"}
{"level":"warn","message":"se cargaron los productos","timestamp":"2022-01-08T00:44:28.472Z"}
{"level":"warn","message":"se cargaron los productos","timestamp":"2022-01-08T00:44:51.306Z"}
{"level":"warn","message":"se cargaron los productos","timestamp":"2022-01-08T00:45:27.616Z"}
{"level":"warn","message":"se cargaron los productos","timestamp":"2022-01-08T00:45:44.837Z"}
{"level":"warn","message":"se cargaron los productos","timestamp":"2022-01-08T00:45:48.172Z"}
{"level":"warn","message":"se cargaron los productos","timestamp":"2022-01-08T00:45:59.114Z"}
{"level":"warn","message":"se cargaron los productos","timestamp":"2022-01-08T00:46:34.872Z"}
{"level":"warn","message":"se cargaron los productos","timestamp":"2022-01-08T00:46:37.645Z"}
{"level":"warn","message":"se cargaron los productos","timestamp":"2022-01-08T00:47:14.812Z"}
{"level":"warn","message":"se cargaron los productos","timestamp":"2022-01-08T00:47:18.304Z"}
{"level":"warn","message":"se cargaron los productos","timestamp":"2022-01-08T00:47:25.910Z"}
{"level":"warn","message":"se cargaron los productos","timestamp":"2022-01-08T00:47:31.196Z"}
{"level":"warn","message":"se cargaron los productos","timestamp":"2022-01-08T00:47:44.926Z"}
{"level":"warn","message":"se cargaron los productos","timestamp":"2022-01-08T00:52:47.024Z"}
{"level":"warn","message":"se cargaron los productos","timestamp":"2022-01-08T00:52:51.143Z"}
{"level":"warn","message":"se cargaron los productos","timestamp":"2022-01-08T00:52:56.965Z"}
{"level":"warn","message":"se cargaron los productos","timestamp":"2022-01-08T00:54:02.061Z"}
{"level":"warn","message":"se cargaron los productos","timestamp":"2022-01-08T00:54:18.162Z"}
{"level":"warn","message":"se cargaron los productos","timestamp":"2022-01-08T00:55:55.368Z"}
{"level":"warn","message":"se cargaron los productos","timestamp":"2022-01-08T00:56:14.801Z"}
{"level":"warn","message":"se cargaron los productos","timestamp":"2022-01-08T00:56:24.399Z"}
{"level":"warn","message":"se cargaron los productos","timestamp":"2022-01-08T00:57:07.138Z"}
{"level":"warn","message":"se cargaron los productos","timestamp":"2022-01-08T00:57:11.193Z"}
{"level":"warn","message":"se cargaron los productos","timestamp":"2022-01-08T00:57:17.622Z"}
{"level":"warn","message":"se cargaron los productos","timestamp":"2022-01-08T01:00:44.188Z"}
{"level":"warn","message":"se cargaron los productos","timestamp":"2022-01-08T01:00:48.251Z"}
{"level":"warn","message":"se cargaron los productos","timestamp":"2022-01-08T01:01:10.670Z"}
{"level":"warn","message":"se cargaron los productos","timestamp":"2022-01-08T01:01:31.320Z"}
{"level":"warn","message":"se cargaron los productos","timestamp":"2022-01-08T01:01:40.724Z"}
{"level":"warn","message":"se cargaron los productos","timestamp":"2022-01-08T01:01:49.769Z"}
{"level":"warn","message":"se cargaron los productos","timestamp":"2022-01-08T01:01:59.738Z"}
{"level":"warn","message":"se cargaron los productos","timestamp":"2022-01-08T01:02:06.274Z"}
{"level":"warn","message":"se cargaron los productos","timestamp":"2022-01-08T01:02:08.030Z"}
{"level":"warn","message":"se cargaron los productos","timestamp":"2022-01-08T01:02:09.728Z"}
{"level":"warn","message":"se cargaron los productos","timestamp":"2022-01-08T01:02:20.551Z"}
{"level":"warn","message":"se cargaron los productos","timestamp":"2022-01-08T01:02:27.656Z"}
{"level":"warn","message":"se cargaron los productos","timestamp":"2022-01-08T01:02:30.631Z"}
{"level":"warn","message":"se cargaron los productos","timestamp":"2022-01-08T01:02:32.501Z"}
{"level":"warn","message":"se cargaron los productos","timestamp":"2022-01-08T16:58:56.605Z"}
{"level":"warn","message":"se cargaron los productos","timestamp":"2022-01-08T16:58:59.936Z"}
{"level":"warn","message":"se cargaron los productos","timestamp":"2022-01-08T16:59:02.133Z"}
{"level":"warn","message":"se cargaron los productos","timestamp":"2022-01-08T16:59:06.005Z"}
{"level":"warn","message":"se cargaron los productos","timestamp":"2022-01-08T16:59:25.022Z"}
{"level":"warn","message":"se cargaron los productos","timestamp":"2022-01-08T16:59:27.146Z"}
{"level":"warn","message":"se cargaron los productos","timestamp":"2022-01-08T16:59:36.639Z"}
{"level":"warn","message":"se cargaron los productos","timestamp":"2022-01-08T17:01:52.363Z"}
{"level":"warn","message":"se cargaron los productos","timestamp":"2022-01-08T17:01:54.340Z"}
{"level":"warn","message":"se cargaron los productos","timestamp":"2022-01-08T17:05:28.637Z"}
{"level":"warn","message":"se cargaron los productos","timestamp":"2022-01-08T17:06:33.875Z"}
{"level":"warn","message":"se cargaron los productos","timestamp":"2022-01-08T17:07:42.388Z"}
{"level":"warn","message":"se cargaron los productos","timestamp":"2022-01-08T17:07:44.338Z"}
{"level":"warn","message":"se cargaron los productos","timestamp":"2022-01-08T17:08:46.129Z"}
{"level":"warn","message":"se cargaron los productos","timestamp":"2022-01-08T17:11:15.598Z"}
{"level":"warn","message":"se cargaron los productos","timestamp":"2022-01-08T17:11:17.444Z"}
{"level":"warn","message":"se cargaron los productos","timestamp":"2022-01-08T17:12:44.512Z"}
{"level":"warn","message":"se cargaron los productos","timestamp":"2022-01-08T17:14:23.534Z"}
{"level":"warn","message":"se cargaron los productos","timestamp":"2022-01-08T17:14:25.382Z"}
{"level":"warn","message":"se cargaron los productos","timestamp":"2022-01-08T17:14:27.019Z"}
{"level":"warn","message":"se cargaron los productos","timestamp":"2022-01-08T17:14:28.734Z"}
{"level":"warn","message":"se cargaron los productos","timestamp":"2022-01-08T17:14:35.692Z"}
{"level":"warn","message":"se cargaron los productos","timestamp":"2022-01-08T17:14:37.432Z"}
{"level":"warn","message":"se cargaron los productos","timestamp":"2022-01-08T17:14:39.088Z"}
{"level":"warn","message":"se cargaron los productos","timestamp":"2022-01-08T17:14:40.724Z"}
{"level":"warn","message":"se cargaron los productos","timestamp":"2022-01-08T17:14:46.952Z"}
{"level":"warn","message":"se cargaron los productos","timestamp":"2022-01-08T17:50:25.426Z"}
{"level":"warn","message":"se cargaron los productos","timestamp":"2022-01-08T17:50:27.685Z"}
{"level":"warn","message":"se cargaron los productos","timestamp":"2022-01-08T17:57:27.430Z"}
{"level":"warn","message":"se cargaron los productos","timestamp":"2022-01-08T17:57:30.081Z"}
{"level":"warn","message":"se cargaron los productos","timestamp":"2022-01-08T17:59:48.924Z"}
{"level":"warn","message":"se cargaron los productos","timestamp":"2022-01-08T17:59:50.705Z"}
{"level":"warn","message":"se cargaron los productos","timestamp":"2022-01-08T17:59:52.587Z"}
{"level":"warn","message":"se cargaron los productos","timestamp":"2022-01-08T18:05:20.904Z"}
{"level":"warn","message":"se cargaron los productos","timestamp":"2022-01-08T18:07:24.297Z"}
{"level":"warn","message":"se cargaron los productos","timestamp":"2022-01-08T18:07:26.300Z"}
{"level":"warn","message":"se cargaron los productos","timestamp":"2022-01-08T18:14:17.492Z"}
{"level":"warn","message":"se cargaron los productos","timestamp":"2022-01-08T18:14:20.652Z"}
{"level":"warn","message":"se cargaron los productos","timestamp":"2022-01-08T18:14:22.543Z"}
{"level":"warn","message":"se cargaron los productos","timestamp":"2022-01-08T18:14:24.131Z"}
{"level":"warn","message":"se cargaron los productos","timestamp":"2022-01-08T18:17:11.172Z"}
{"level":"warn","message":"se cargaron los productos","timestamp":"2022-01-08T18:19:16.102Z"}
{"level":"warn","message":"se cargaron los productos","timestamp":"2022-01-08T18:20:20.013Z"}
{"level":"warn","message":"se cargaron los productos","timestamp":"2022-01-08T18:26:31.180Z"}
{"level":"warn","message":"se cargaron los productos","timestamp":"2022-01-08T18:28:28.679Z"}
{"level":"warn","message":"se cargaron los productos","timestamp":"2022-01-08T18:32:02.617Z"}
{"level":"warn","message":"se cargaron los productos","timestamp":"2022-01-08T18:41:30.826Z"}
{"level":"warn","message":"se cargaron los productos","timestamp":"2022-01-08T18:42:01.604Z"}
{"level":"warn","message":"se cargaron los productos","timestamp":"2022-01-08T19:00:35.768Z"}
{"level":"warn","message":"se cargaron los productos","timestamp":"2022-01-08T19:00:37.320Z"}
{"level":"warn","message":"se cargaron los productos","timestamp":"2022-01-08T19:00:43.450Z"}
{"level":"warn","message":"se cargaron los productos","timestamp":"2022-01-08T19:00:45.032Z"}
{"level":"warn","message":"se cargaron los productos","timestamp":"2022-01-08T19:01:25.143Z"}
{"level":"warn","message":"se cargaron los productos","timestamp":"2022-01-08T19:01:26.694Z"}
{"level":"warn","message":"se cargaron los productos","timestamp":"2022-01-08T19:01:32.808Z"}
{"level":"warn","message":"se cargaron los productos","timestamp":"2022-01-08T19:01:34.391Z"}
{"level":"warn","message":"se cargaron los productos","timestamp":"2022-01-08T19:02:30.265Z"}
{"level":"warn","message":"se cargaron los productos","timestamp":"2022-01-08T19:05:23.921Z"}
{"level":"warn","message":"se cargaron los productos","timestamp":"2022-01-08T19:05:56.336Z"}
{"level":"warn","message":"se cargaron los productos","timestamp":"2022-01-08T19:09:26.365Z"}
{"level":"warn","message":"se cargaron los productos","timestamp":"2022-01-08T19:42:57.193Z"}
{"level":"warn","message":"se cargaron los productos","timestamp":"2022-01-08T19:42:59.032Z"}
{"level":"warn","message":"se cargaron los productos","timestamp":"2022-01-08T19:45:18.519Z"}
{"level":"warn","message":"se cargaron los productos","timestamp":"2022-01-08T19:45:21.348Z"}
{"level":"warn","message":"se cargaron los productos","timestamp":"2022-01-08T19:46:26.404Z"}
{"level":"error","message":"no se ha iniciado sesion o existe un problema con la session","timestamp":"2022-01-08T19:46:29.182Z"}
{"level":"warn","message":"se cargaron los productos","timestamp":"2022-01-08T19:46:46.018Z"}
{"level":"warn","message":"se cargaron los productos","timestamp":"2022-01-08T20:36:12.413Z"}
{"level":"warn","message":"se cargaron los productos","timestamp":"2022-01-08T20:39:03.515Z"}
{"level":"warn","message":"se cargaron los productos","timestamp":"2022-01-08T20:40:43.974Z"}
{"level":"warn","message":"se cargaron los productos","timestamp":"2022-01-08T20:43:24.102Z"}
{"level":"warn","message":"se cargaron los productos","timestamp":"2022-01-08T20:44:50.508Z"}
{"level":"warn","message":"se cargaron los productos","timestamp":"2022-01-08T20:57:33.982Z"}
{"level":"warn","message":"se cargaron los productos","timestamp":"2022-01-08T20:58:24.873Z"}
{"level":"warn","message":"se cargaron los productos","timestamp":"2022-01-08T20:58:37.580Z"}
{"level":"warn","message":"se cargaron los productos","timestamp":"2022-01-08T21:00:07.198Z"}
{"level":"warn","message":"se cargaron los productos","timestamp":"2022-01-08T21:00:14.222Z"}
{"level":"warn","message":"se cargaron los productos","timestamp":"2022-01-08T21:09:43.224Z"}
{"level":"warn","message":"se cargaron los productos","timestamp":"2022-01-08T21:09:49.894Z"}
{"level":"error","message":"no se ha iniciado sesion o existe un problema con la session","timestamp":"2022-01-08T21:09:59.244Z"}
{"level":"warn","message":"se cargaron los productos","timestamp":"2022-01-08T21:11:28.881Z"}
{"level":"warn","message":"se cargaron los productos","timestamp":"2022-01-08T21:11:33.915Z"}
{"level":"warn","message":"se cargaron los productos","timestamp":"2022-01-08T21:26:09.292Z"}
{"level":"warn","message":"se cargaron los productos","timestamp":"2022-01-08T21:33:13.735Z"}
{"level":"warn","message":"se cargaron los productos","timestamp":"2022-01-08T21:34:00.695Z"}
{"level":"warn","message":"se cargaron los productos","timestamp":"2022-01-08T21:35:15.033Z"}
{"level":"warn","message":"se cargaron los productos","timestamp":"2022-01-08T21:37:59.070Z"}
{"level":"warn","message":"se cargaron los productos","timestamp":"2022-01-09T17:37:34.779Z"}
{"level":"warn","message":"se cargaron los productos","timestamp":"2022-01-09T17:38:12.892Z"}
{"level":"warn","message":"se cargaron los productos","timestamp":"2022-01-09T17:42:10.145Z"}
{"level":"warn","message":"se cargaron los productos","timestamp":"2022-01-09T17:49:44.127Z"}
{"level":"warn","message":"se cargaron los productos","timestamp":"2022-01-09T17:50:37.525Z"}
{"level":"warn","message":"se cargaron los productos","timestamp":"2022-01-09T17:52:20.260Z"}
{"level":"warn","message":"se cargaron los productos","timestamp":"2022-01-09T17:52:48.092Z"}
{"level":"warn","message":"se cargaron los productos","timestamp":"2022-01-09T17:53:31.970Z"}
{"level":"warn","message":"se cargaron los productos","timestamp":"2022-01-09T17:53:38.259Z"}
{"level":"warn","message":"se cargaron los productos","timestamp":"2022-01-09T17:53:43.842Z"}
{"level":"warn","message":"se cargaron los productos","timestamp":"2022-01-09T18:00:49.458Z"}
{"level":"warn","message":"se cargaron los productos","timestamp":"2022-01-09T18:00:54.474Z"}
{"level":"warn","message":"se cargaron los productos","timestamp":"2022-01-09T18:00:56.657Z"}
{"level":"warn","message":"se cargaron los productos","timestamp":"2022-01-09T18:01:03.532Z"}
{"level":"warn","message":"se cargaron los productos","timestamp":"2022-01-09T18:04:11.866Z"}
{"level":"warn","message":"se cargaron los productos","timestamp":"2022-01-09T18:04:16.751Z"}
{"level":"warn","message":"se cargaron los productos","timestamp":"2022-01-09T18:11:51.319Z"}
{"level":"warn","message":"se cargaron los productos","timestamp":"2022-01-09T18:30:48.969Z"}
{"level":"warn","message":"se cargaron los productos","timestamp":"2022-01-09T18:30:50.550Z"}
{"level":"warn","message":"se cargaron los productos","timestamp":"2022-01-09T18:30:52.424Z"}
{"level":"warn","message":"se cargaron los productos","timestamp":"2022-01-09T18:34:37.777Z"}
{"level":"error","message":"error","timestamp":"2022-01-09T18:34:45.675Z"}
{"level":"warn","message":"se cargaron los productos","timestamp":"2022-01-09T18:35:44.961Z"}
{"code":21910,"level":"error","moreInfo":"https://www.twilio.com/docs/errors/21910","status":400,"timestamp":"2022-01-09T18:35:48.996Z"}
{"level":"warn","message":"se cargaron los productos","timestamp":"2022-01-09T18:53:51.676Z"}
{"code":21910,"level":"error","moreInfo":"https://www.twilio.com/docs/errors/21910","status":400,"timestamp":"2022-01-09T18:53:56.056Z"}
{"level":"warn","message":"se cargaron los productos","timestamp":"2022-01-09T18:57:20.939Z"}
{"level":"warn","message":"se cargaron los productos","timestamp":"2022-01-09T18:58:03.847Z"}
{"code":21910,"level":"error","moreInfo":"https://www.twilio.com/docs/errors/21910","status":400,"timestamp":"2022-01-09T18:58:18.333Z"}
{"level":"warn","message":"se cargaron los productos","timestamp":"2022-01-09T22:14:57.583Z"}
{"code":21212,"level":"error","moreInfo":"https://www.twilio.com/docs/errors/21212","status":400,"timestamp":"2022-01-09T22:15:01.387Z"}
{"level":"warn","message":"se cargaron los productos","timestamp":"2022-01-09T22:21:22.551Z"}
{"code":21212,"level":"error","moreInfo":"https://www.twilio.com/docs/errors/21212","status":400,"timestamp":"2022-01-09T22:21:28.922Z"}
{"level":"warn","message":"se cargaron los productos","timestamp":"2022-01-09T22:22:57.649Z"}
{"code":21211,"level":"error","moreInfo":"https://www.twilio.com/docs/errors/21211","status":400,"timestamp":"2022-01-09T22:23:00.779Z"}
{"level":"warn","message":"se cargaron los productos","timestamp":"2022-01-09T22:25:43.446Z"}
{"code":21211,"level":"error","moreInfo":"https://www.twilio.com/docs/errors/21211","status":400,"timestamp":"2022-01-09T22:25:50.254Z"}
{"level":"warn","message":"se cargaron los productos","timestamp":"2022-01-09T22:26:38.969Z"}
{"code":21212,"level":"error","moreInfo":"https://www.twilio.com/docs/errors/21212","status":400,"timestamp":"2022-01-09T22:26:43.993Z"}
{"level":"warn","message":"se cargaron los productos","timestamp":"2022-01-09T22:29:48.793Z"}
{"level":"warn","message":"se cargaron los productos","timestamp":"2022-01-09T22:49:21.712Z"}
{"level":"warn","message":"se cargaron los productos","timestamp":"2022-01-09T22:51:04.961Z"}
{"level":"warn","message":"se cargaron los productos","timestamp":"2022-01-12T23:52:27.645Z"}
{"level":"warn","message":"se cargaron los productos","timestamp":"2022-01-18T16:24:22.594Z"}
{"level":"warn","message":"se cargaron los productos","timestamp":"2022-01-18T16:33:55.155Z"}
{"level":"warn","message":"se cargaron los productos","timestamp":"2022-01-18T16:57:57.044Z"}
{"level":"warn","message":"se cargaron los productos","timestamp":"2022-01-18T16:59:37.552Z"}
{"level":"warn","message":"se cargaron los productos","timestamp":"2022-01-18T17:10:03.971Z"}
{"level":"warn","message":"se cargaron los productos","timestamp":"2022-01-18T17:10:13.702Z"}
{"level":"warn","message":"se cargaron los productos","timestamp":"2022-01-18T17:10:44.248Z"}
{"level":"warn","message":"se cargaron los productos","timestamp":"2022-01-18T17:29:52.272Z"}
{"level":"warn","message":"se cargaron los productos","timestamp":"2022-01-18T17:32:31.681Z"}
{"level":"warn","message":"se cargaron los productos","timestamp":"2022-01-18T17:35:08.741Z"}
{"level":"warn","message":"se cargaron los productos","timestamp":"2022-01-18T17:36:37.088Z"}
{"level":"warn","message":"se cargaron los productos","timestamp":"2022-01-18T17:37:35.740Z"}
{"level":"warn","message":"se cargaron los productos","timestamp":"2022-01-18T17:37:45.893Z"}
{"level":"warn","message":"se cargaron los productos","timestamp":"2022-01-18T17:37:50.322Z"}
{"level":"warn","message":"se cargaron los productos","timestamp":"2022-01-18T17:37:54.994Z"}
{"level":"warn","message":"se cargaron los productos","timestamp":"2022-01-18T17:37:55.880Z"}
{"level":"warn","message":"se cargaron los productos","timestamp":"2022-01-18T17:46:01.291Z"}
{"level":"warn","message":"se cargaron los productos","timestamp":"2022-01-18T17:46:31.605Z"}
{"level":"warn","message":"se cargaron los productos","timestamp":"2022-01-18T18:05:12.407Z"}
{"level":"warn","message":"se cargaron los productos","timestamp":"2022-01-18T18:06:05.903Z"}
{"level":"warn","message":"se cargaron los productos","timestamp":"2022-01-18T18:08:43.121Z"}
{"level":"warn","message":"se cargaron los productos","timestamp":"2022-01-18T18:11:01.785Z"}
{"level":"warn","message":"se cargaron los productos","timestamp":"2022-01-18T18:11:14.468Z"}
{"level":"warn","message":"se cargaron los productos","timestamp":"2022-01-18T18:11:26.150Z"}
{"level":"warn","message":"se cargaron los productos","timestamp":"2022-01-18T18:12:18.612Z"}
{"level":"warn","message":"se cargaron los productos","timestamp":"2022-01-18T18:12:23.484Z"}
{"level":"warn","message":"se cargaron los productos","timestamp":"2022-01-18T18:12:29.086Z"}
{"level":"warn","message":"se cargaron los productos","timestamp":"2022-01-18T18:12:44.722Z"}
{"level":"warn","message":"se cargaron los productos","timestamp":"2022-01-18T18:12:46.679Z"}
{"level":"warn","message":"se cargaron los productos","timestamp":"2022-01-18T18:12:53.497Z"}
{"level":"warn","message":"se cargaron los productos","timestamp":"2022-01-18T18:12:54.349Z"}
{"level":"warn","message":"se cargaron los productos","timestamp":"2022-01-18T18:12:59.676Z"}
{"level":"warn","message":"se cargaron los productos","timestamp":"2022-01-18T18:12:59.685Z"}
{"level":"warn","message":"se cargaron los productos","timestamp":"2022-01-18T18:13:05.014Z"}
{"level":"warn","message":"se cargaron los productos","timestamp":"2022-01-18T18:13:05.024Z"}
{"level":"warn","message":"se cargaron los productos","timestamp":"2022-01-18T18:24:18.290Z"}
{"level":"warn","message":"se cargaron los productos","timestamp":"2022-01-18T18:25:44.300Z"}
{"level":"warn","message":"se cargaron los productos","timestamp":"2022-01-18T18:26:38.595Z"}
{"level":"warn","message":"se cargaron los productos","timestamp":"2022-01-18T18:27:43.436Z"}
{"level":"warn","message":"se cargaron los productos","timestamp":"2022-01-18T18:27:49.983Z"}
{"level":"warn","message":"se cargaron los productos","timestamp":"2022-01-18T18:28:02.766Z"}
{"level":"warn","message":"se cargaron los productos","timestamp":"2022-01-18T18:28:13.333Z"}
{"level":"warn","message":"se cargaron los productos","timestamp":"2022-01-18T18:28:23.772Z"}
{"level":"warn","message":"se cargaron los productos","timestamp":"2022-01-18T18:28:25.598Z"}
{"level":"warn","message":"se cargaron los productos","timestamp":"2022-01-18T18:28:33.563Z"}
{"level":"warn","message":"se cargaron los productos","timestamp":"2022-01-18T18:28:34.434Z"}
{"level":"warn","message":"se cargaron los productos","timestamp":"2022-01-18T18:28:38.631Z"}
{"level":"warn","message":"se cargaron los productos","timestamp":"2022-01-18T18:28:38.636Z"}
{"level":"warn","message":"se cargaron los productos","timestamp":"2022-01-18T18:28:58.008Z"}
{"level":"warn","message":"se cargaron los productos","timestamp":"2022-01-18T18:28:58.013Z"}
{"level":"warn","message":"se cargaron los productos","timestamp":"2022-01-18T18:28:59.526Z"}
{"level":"warn","message":"se cargaron los productos","timestamp":"2022-01-18T18:28:59.547Z"}
{"level":"warn","message":"se cargaron los productos","timestamp":"2022-01-18T18:29:03.735Z"}
{"level":"warn","message":"se cargaron los productos","timestamp":"2022-01-18T18:29:03.754Z"}
{"level":"warn","message":"se cargaron los productos","timestamp":"2022-01-18T18:29:04.641Z"}
{"level":"warn","message":"se cargaron los productos","timestamp":"2022-01-18T18:29:07.869Z"}
{"level":"warn","message":"se cargaron los productos","timestamp":"2022-01-18T18:29:07.892Z"}
{"level":"warn","message":"se cargaron los productos","timestamp":"2022-01-18T18:29:08.760Z"}
{"level":"warn","message":"se cargaron los productos","timestamp":"2022-01-18T18:29:14.263Z"}
{"level":"warn","message":"se cargaron los productos","timestamp":"2022-01-18T18:29:14.276Z"}
{"level":"warn","message":"se cargaron los productos","timestamp":"2022-01-18T18:29:14.321Z"}
{"level":"warn","message":"se cargaron los productos","timestamp":"2022-01-18T18:29:21.209Z"}
{"level":"warn","message":"se cargaron los productos","timestamp":"2022-01-18T18:29:21.215Z"}
{"level":"warn","message":"se cargaron los productos","timestamp":"2022-01-18T18:29:21.228Z"}
{"level":"warn","message":"se cargaron los productos","timestamp":"2022-01-18T18:29:28.430Z"}
{"level":"warn","message":"se cargaron los productos","timestamp":"2022-01-18T18:29:28.440Z"}
{"level":"warn","message":"se cargaron los productos","timestamp":"2022-01-18T18:29:28.470Z"}
{"level":"warn","message":"se cargaron los productos","timestamp":"2022-01-18T18:29:46.673Z"}
{"level":"warn","message":"se cargaron los productos","timestamp":"2022-01-18T18:29:46.686Z"}
{"level":"warn","message":"se cargaron los productos","timestamp":"2022-01-18T18:29:46.704Z"}
{"level":"warn","message":"se cargaron los productos","timestamp":"2022-01-18T18:30:17.421Z"}
{"level":"warn","message":"se cargaron los productos","timestamp":"2022-01-18T18:30:17.425Z"}
{"level":"warn","message":"se cargaron los productos","timestamp":"2022-01-18T18:30:17.430Z"}
{"level":"warn","message":"se cargaron los productos","timestamp":"2022-01-18T18:30:19.328Z"}
{"level":"warn","message":"se cargaron los productos","timestamp":"2022-01-18T18:30:19.339Z"}
{"level":"warn","message":"se cargaron los productos","timestamp":"2022-01-18T18:30:19.348Z"}
{"level":"warn","message":"se cargaron los productos","timestamp":"2022-01-18T18:30:25.050Z"}
{"level":"warn","message":"se cargaron los productos","timestamp":"2022-01-18T18:30:25.058Z"}
{"level":"warn","message":"se cargaron los productos","timestamp":"2022-01-18T18:30:25.061Z"}
{"level":"warn","message":"se cargaron los productos","timestamp":"2022-01-18T18:30:25.879Z"}
{"level":"warn","message":"se cargaron los productos","timestamp":"2022-01-18T18:30:31.957Z"}
{"level":"warn","message":"se cargaron los productos","timestamp":"2022-01-18T18:30:31.986Z"}
{"level":"warn","message":"se cargaron los productos","timestamp":"2022-01-18T18:30:32.023Z"}
{"level":"warn","message":"se cargaron los productos","timestamp":"2022-01-18T18:30:32.041Z"}
{"level":"warn","message":"se cargaron los productos","timestamp":"2022-01-18T18:30:54.966Z"}
{"level":"warn","message":"se cargaron los productos","timestamp":"2022-01-18T18:30:56.070Z"}
{"level":"warn","message":"se cargaron los productos","timestamp":"2022-01-18T18:31:01.747Z"}
{"level":"warn","message":"se cargaron los productos","timestamp":"2022-01-18T18:31:02.624Z"}
{"level":"warn","message":"se cargaron los productos","timestamp":"2022-01-18T18:31:04.537Z"}
{"level":"warn","message":"se cargaron los productos","timestamp":"2022-01-18T18:31:04.546Z"}
{"level":"warn","message":"se cargaron los productos","timestamp":"2022-01-18T18:31:05.437Z"}
{"level":"warn","message":"se cargaron los productos","timestamp":"2022-01-18T18:31:10.692Z"}
{"level":"warn","message":"se cargaron los productos","timestamp":"2022-01-18T18:31:10.732Z"}
{"level":"warn","message":"se cargaron los productos","timestamp":"2022-01-18T18:31:10.763Z"}
{"level":"warn","message":"se cargaron los productos","timestamp":"2022-01-18T18:31:20.825Z"}
{"level":"warn","message":"se cargaron los productos","timestamp":"2022-01-18T18:31:20.836Z"}
{"level":"warn","message":"se cargaron los productos","timestamp":"2022-01-18T18:31:20.908Z"}
{"level":"warn","message":"se cargaron los productos","timestamp":"2022-01-18T18:31:31.495Z"}
{"level":"warn","message":"se cargaron los productos","timestamp":"2022-01-18T18:31:31.500Z"}
{"level":"warn","message":"se cargaron los productos","timestamp":"2022-01-18T18:31:31.514Z"}
{"level":"warn","message":"se cargaron los productos","timestamp":"2022-01-18T18:32:03.280Z"}
{"level":"warn","message":"se cargaron los productos","timestamp":"2022-01-18T18:32:03.321Z"}
{"level":"warn","message":"se cargaron los productos","timestamp":"2022-01-18T18:32:03.336Z"}
{"level":"warn","message":"se cargaron los productos","timestamp":"2022-01-18T18:33:25.696Z"}
{"level":"warn","message":"se cargaron los productos","timestamp":"2022-01-18T18:33:40.141Z"}
{"level":"warn","message":"se cargaron los productos","timestamp":"2022-01-18T18:33:41.623Z"}
{"level":"warn","message":"se cargaron los productos","timestamp":"2022-01-18T18:33:47.999Z"}
{"level":"warn","message":"se cargaron los productos","timestamp":"2022-01-18T18:33:48.971Z"}
{"level":"warn","message":"se cargaron los productos","timestamp":"2022-01-18T18:34:44.480Z"}
{"level":"warn","message":"se cargaron los productos","timestamp":"2022-01-18T18:34:44.502Z"}
{"level":"warn","message":"se cargaron los productos","timestamp":"2022-01-18T18:34:45.429Z"}
{"level":"warn","message":"se cargaron los productos","timestamp":"2022-01-18T18:34:54.767Z"}
{"level":"warn","message":"se cargaron los productos","timestamp":"2022-01-18T18:34:54.771Z"}
{"level":"warn","message":"se cargaron los productos","timestamp":"2022-01-18T18:34:54.821Z"}
{"level":"warn","message":"se cargaron los productos","timestamp":"2022-01-18T18:34:56.596Z"}
{"level":"warn","message":"se cargaron los productos","timestamp":"2022-01-18T18:34:56.614Z"}
{"level":"warn","message":"se cargaron los productos","timestamp":"2022-01-18T18:34:56.617Z"}
{"level":"warn","message":"se cargaron los productos","timestamp":"2022-01-18T18:35:10.220Z"}
{"level":"warn","message":"se cargaron los productos","timestamp":"2022-01-18T18:35:10.248Z"}
{"level":"warn","message":"se cargaron los productos","timestamp":"2022-01-18T18:35:10.252Z"}
{"level":"warn","message":"se cargaron los productos","timestamp":"2022-01-18T18:35:11.120Z"}
{"level":"warn","message":"se cargaron los productos","timestamp":"2022-01-18T18:35:34.317Z"}
{"level":"warn","message":"se cargaron los productos","timestamp":"2022-01-18T18:35:34.351Z"}
{"level":"warn","message":"se cargaron los productos","timestamp":"2022-01-18T18:35:34.353Z"}
{"level":"warn","message":"se cargaron los productos","timestamp":"2022-01-18T18:35:35.245Z"}
{"level":"warn","message":"se cargaron los productos","timestamp":"2022-01-18T18:50:28.273Z"}
{"level":"warn","message":"se cargaron los productos","timestamp":"2022-01-18T18:50:39.360Z"}
{"level":"warn","message":"se cargaron los productos","timestamp":"2022-01-18T18:50:41.161Z"}
{"level":"warn","message":"se cargaron los productos","timestamp":"2022-01-18T18:50:48.270Z"}
{"level":"warn","message":"se cargaron los productos","timestamp":"2022-01-18T18:50:49.134Z"}
{"level":"warn","message":"se cargaron los productos","timestamp":"2022-01-18T18:50:54.524Z"}
{"level":"warn","message":"se cargaron los productos","timestamp":"2022-01-18T18:50:54.529Z"}
{"level":"warn","message":"se cargaron los productos","timestamp":"2022-01-18T18:51:05.511Z"}
{"level":"warn","message":"se cargaron los productos","timestamp":"2022-01-18T18:51:05.515Z"}
{"level":"warn","message":"se cargaron los productos","timestamp":"2022-01-18T18:51:15.422Z"}
{"level":"warn","message":"se cargaron los productos","timestamp":"2022-01-18T18:51:15.426Z"}
{"level":"warn","message":"se cargaron los productos","timestamp":"2022-01-18T18:52:50.271Z"}
{"level":"warn","message":"se cargaron los productos","timestamp":"2022-01-18T18:52:55.904Z"}
{"level":"warn","message":"se cargaron los productos","timestamp":"2022-01-18T18:52:59.403Z"}
{"level":"warn","message":"se cargaron los productos","timestamp":"2022-01-18T18:53:07.155Z"}
{"level":"warn","message":"se cargaron los productos","timestamp":"2022-01-18T18:53:10.023Z"}
{"level":"warn","message":"se cargaron los productos","timestamp":"2022-01-18T18:53:18.207Z"}
{"level":"warn","message":"se cargaron los productos","timestamp":"2022-01-18T18:53:19.070Z"}
{"level":"warn","message":"se cargaron los productos","timestamp":"2022-01-18T18:53:24.105Z"}
{"level":"warn","message":"se cargaron los productos","timestamp":"2022-01-18T18:53:24.109Z"}
{"level":"warn","message":"se cargaron los productos","timestamp":"2022-01-18T18:53:31.132Z"}
{"level":"warn","message":"se cargaron los productos","timestamp":"2022-01-18T18:53:31.135Z"}
{"level":"warn","message":"se cargaron los productos","timestamp":"2022-01-18T18:55:47.543Z"}
{"level":"warn","message":"se cargaron los productos","timestamp":"2022-01-18T18:55:49.483Z"}
{"level":"warn","message":"se cargaron los productos","timestamp":"2022-01-18T18:55:54.049Z"}
{"level":"warn","message":"se cargaron los productos","timestamp":"2022-01-18T18:55:54.887Z"}
{"level":"warn","message":"se cargaron los productos","timestamp":"2022-01-18T18:56:02.208Z"}
{"level":"warn","message":"se cargaron los productos","timestamp":"2022-01-18T18:56:02.212Z"}
{"level":"warn","message":"se cargaron los productos","timestamp":"2022-01-18T18:56:08.902Z"}
{"level":"warn","message":"se cargaron los productos","timestamp":"2022-01-18T18:56:08.940Z"}
{"level":"warn","message":"se cargaron los productos","timestamp":"2022-01-18T18:56:15.918Z"}
{"level":"warn","message":"se cargaron los productos","timestamp":"2022-01-18T18:56:15.974Z"}
{"level":"warn","message":"se cargaron los productos","timestamp":"2022-01-18T18:56:24.428Z"}
{"level":"warn","message":"se cargaron los productos","timestamp":"2022-01-18T18:56:24.431Z"}
{"level":"warn","message":"se cargaron los productos","timestamp":"2022-01-18T18:56:44.305Z"}
{"level":"warn","message":"se cargaron los productos","timestamp":"2022-01-18T18:56:52.012Z"}
{"level":"warn","message":"se cargaron los productos","timestamp":"2022-01-18T18:57:05.486Z"}
{"level":"warn","message":"se cargaron los productos","timestamp":"2022-01-18T18:57:10.871Z"}
{"level":"warn","message":"se cargaron los productos","timestamp":"2022-01-18T18:57:11.729Z"}
{"level":"warn","message":"se cargaron los productos","timestamp":"2022-01-18T18:57:16.008Z"}
{"level":"warn","message":"se cargaron los productos","timestamp":"2022-01-18T18:57:16.930Z"}
{"level":"warn","message":"se cargaron los productos","timestamp":"2022-01-18T18:57:20.535Z"}
{"level":"warn","message":"se cargaron los productos","timestamp":"2022-01-18T18:57:20.544Z"}
{"level":"warn","message":"se cargaron los productos","timestamp":"2022-01-18T18:57:29.081Z"}
{"level":"warn","message":"se cargaron los productos","timestamp":"2022-01-18T18:57:29.108Z"}
{"level":"warn","message":"se cargaron los productos","timestamp":"2022-01-18T18:57:30.000Z"}
{"level":"warn","message":"se cargaron los productos","timestamp":"2022-01-18T18:57:35.143Z"}
{"level":"warn","message":"se cargaron los productos","timestamp":"2022-01-18T18:57:35.147Z"}
{"level":"warn","message":"se cargaron los productos","timestamp":"2022-01-18T18:57:35.996Z"}
{"level":"warn","message":"se cargaron los productos","timestamp":"2022-01-18T18:57:48.729Z"}
{"level":"warn","message":"se cargaron los productos","timestamp":"2022-01-18T18:57:48.762Z"}
{"level":"warn","message":"se cargaron los productos","timestamp":"2022-01-18T18:57:48.765Z"}
{"level":"warn","message":"se cargaron los productos","timestamp":"2022-01-18T18:58:59.937Z"}
{"level":"warn","message":"se cargaron los productos","timestamp":"2022-01-18T18:59:03.026Z"}
{"level":"warn","message":"se cargaron los productos","timestamp":"2022-01-18T18:59:07.400Z"}
{"level":"warn","message":"se cargaron los productos","timestamp":"2022-01-18T18:59:08.229Z"}
{"level":"warn","message":"se cargaron los productos","timestamp":"2022-01-18T18:59:16.375Z"}
{"level":"warn","message":"se cargaron los productos","timestamp":"2022-01-18T18:59:16.417Z"}
{"level":"warn","message":"se cargaron los productos","timestamp":"2022-01-18T19:00:20.575Z"}
{"level":"warn","message":"se cargaron los productos","timestamp":"2022-01-18T19:00:22.174Z"}
{"level":"warn","message":"se cargaron los productos","timestamp":"2022-01-18T19:00:27.094Z"}
{"level":"warn","message":"se cargaron los productos","timestamp":"2022-01-18T19:00:27.953Z"}
{"level":"warn","message":"se cargaron los productos","timestamp":"2022-01-18T19:01:00.303Z"}
{"level":"warn","message":"se cargaron los productos","timestamp":"2022-01-18T19:01:03.638Z"}
{"level":"warn","message":"se cargaron los productos","timestamp":"2022-01-18T19:01:09.569Z"}
{"level":"warn","message":"se cargaron los productos","timestamp":"2022-01-18T19:30:53.622Z"}
{"level":"warn","message":"se cargaron los productos","timestamp":"2022-01-18T19:30:55.451Z"}
{"level":"warn","message":"se cargaron los productos","timestamp":"2022-01-18T19:31:05.394Z"}
{"level":"warn","message":"se cargaron los productos","timestamp":"2022-01-18T19:31:06.235Z"}
{"level":"warn","message":"se cargaron los productos","timestamp":"2022-01-18T19:31:11.075Z"}
{"level":"warn","message":"se cargaron los productos","timestamp":"2022-01-18T19:31:11.080Z"}
{"level":"warn","message":"se cargaron los productos","timestamp":"2022-01-18T19:31:15.057Z"}
{"level":"warn","message":"se cargaron los productos","timestamp":"2022-01-18T19:31:15.070Z"}
{"level":"warn","message":"se cargaron los productos","timestamp":"2022-01-18T19:34:47.332Z"}
{"level":"warn","message":"se cargaron los productos","timestamp":"2022-01-18T19:34:53.138Z"}
{"level":"warn","message":"se cargaron los productos","timestamp":"2022-01-18T19:34:54.050Z"}
{"level":"warn","message":"se cargaron los productos","timestamp":"2022-01-18T19:37:22.794Z"}
{"level":"warn","message":"se cargaron los productos","timestamp":"2022-01-18T19:37:24.670Z"}
{"level":"warn","message":"se cargaron los productos","timestamp":"2022-01-18T19:37:28.667Z"}
{"level":"warn","message":"se cargaron los productos","timestamp":"2022-01-18T19:37:29.596Z"}
{"level":"warn","message":"se cargaron los productos","timestamp":"2022-01-18T19:37:34.980Z"}
{"level":"warn","message":"se cargaron los productos","timestamp":"2022-01-18T19:37:34.984Z"}
{"level":"warn","message":"se cargaron los productos","timestamp":"2022-01-18T19:48:48.443Z"}
{"level":"warn","message":"se cargaron los productos","timestamp":"2022-01-18T19:48:50.314Z"}
{"level":"warn","message":"se cargaron los productos","timestamp":"2022-01-18T19:48:54.887Z"}
{"level":"warn","message":"se cargaron los productos","timestamp":"2022-01-18T19:48:55.815Z"}
{"level":"warn","message":"se cargaron los productos","timestamp":"2022-01-18T19:49:02.377Z"}
{"level":"warn","message":"se cargaron los productos","timestamp":"2022-01-18T19:49:02.429Z"}
{"level":"warn","message":"se cargaron los productos","timestamp":"2022-01-18T19:50:04.187Z"}
{"level":"warn","message":"se cargaron los productos","timestamp":"2022-01-18T19:50:07.269Z"}
{"level":"warn","message":"se cargaron los productos","timestamp":"2022-01-18T19:50:11.416Z"}
{"level":"warn","message":"se cargaron los productos","timestamp":"2022-01-18T19:50:12.327Z"}
{"level":"warn","message":"se cargaron los productos","timestamp":"2022-01-18T19:50:18.749Z"}
{"level":"warn","message":"se cargaron los productos","timestamp":"2022-01-18T19:50:18.799Z"}
{"level":"warn","message":"se cargaron los productos","timestamp":"2022-01-18T19:52:26.746Z"}
{"level":"warn","message":"se cargaron los productos","timestamp":"2022-01-18T19:52:28.392Z"}
{"level":"warn","message":"se cargaron los productos","timestamp":"2022-01-18T19:52:37.514Z"}
{"level":"warn","message":"se cargaron los productos","timestamp":"2022-01-18T19:52:38.406Z"}
{"level":"warn","message":"se cargaron los productos","timestamp":"2022-01-18T19:52:46.951Z"}
{"level":"warn","message":"se cargaron los productos","timestamp":"2022-01-18T19:52:47.003Z"}
{"level":"warn","message":"se cargaron los productos","timestamp":"2022-01-18T19:52:53.814Z"}
{"level":"warn","message":"se cargaron los productos","timestamp":"2022-01-18T19:52:53.848Z"}
{"level":"warn","message":"se cargaron los productos","timestamp":"2022-01-18T19:53:01.410Z"}
{"level":"warn","message":"se cargaron los productos","timestamp":"2022-01-18T19:53:01.460Z"}
{"level":"warn","message":"se cargaron los productos","timestamp":"2022-01-18T19:53:07.394Z"}
{"level":"warn","message":"se cargaron los productos","timestamp":"2022-01-18T19:53:07.400Z"}
{"level":"warn","message":"se cargaron los productos","timestamp":"2022-01-18T19:54:39.533Z"}
{"level":"warn","message":"se cargaron los productos","timestamp":"2022-01-18T19:54:39.536Z"}
{"level":"warn","message":"se cargaron los productos","timestamp":"2022-01-18T19:54:41.635Z"}
{"level":"warn","message":"se cargaron los productos","timestamp":"2022-01-18T19:54:41.646Z"}
{"level":"warn","message":"se cargaron los productos","timestamp":"2022-01-18T19:54:46.862Z"}
{"level":"warn","message":"se cargaron los productos","timestamp":"2022-01-18T19:54:46.904Z"}
{"level":"warn","message":"se cargaron los productos","timestamp":"2022-01-18T19:54:47.787Z"}
{"level":"warn","message":"se cargaron los productos","timestamp":"2022-01-18T19:54:48.587Z"}
{"level":"warn","message":"se cargaron los productos","timestamp":"2022-01-18T19:54:48.628Z"}
{"level":"warn","message":"se cargaron los productos","timestamp":"2022-01-18T19:54:49.456Z"}
{"level":"warn","message":"se cargaron los productos","timestamp":"2022-01-18T19:54:50.284Z"}
{"level":"warn","message":"se cargaron los productos","timestamp":"2022-01-18T19:54:50.287Z"}
{"level":"warn","message":"se cargaron los productos","timestamp":"2022-01-18T19:54:50.290Z"}
{"level":"warn","message":"se cargaron los productos","timestamp":"2022-01-18T19:54:54.338Z"}
{"level":"warn","message":"se cargaron los productos","timestamp":"2022-01-18T19:54:54.341Z"}
{"level":"warn","message":"se cargaron los productos","timestamp":"2022-01-18T19:54:54.344Z"}
{"level":"warn","message":"se cargaron los productos","timestamp":"2022-01-18T19:54:58.610Z"}
{"level":"warn","message":"se cargaron los productos","timestamp":"2022-01-18T19:54:58.639Z"}
{"level":"warn","message":"se cargaron los productos","timestamp":"2022-01-18T19:54:58.641Z"}
{"level":"warn","message":"se cargaron los productos","timestamp":"2022-01-18T19:55:02.834Z"}
{"level":"warn","message":"se cargaron los productos","timestamp":"2022-01-18T19:55:02.846Z"}
{"level":"warn","message":"se cargaron los productos","timestamp":"2022-01-18T19:55:02.849Z"}
{"level":"warn","message":"se cargaron los productos","timestamp":"2022-01-18T19:55:03.727Z"}
{"level":"warn","message":"se cargaron los productos","timestamp":"2022-01-18T19:55:11.493Z"}
{"level":"warn","message":"se cargaron los productos","timestamp":"2022-01-18T19:55:11.523Z"}
{"level":"warn","message":"se cargaron los productos","timestamp":"2022-01-18T19:55:11.525Z"}
{"level":"warn","message":"se cargaron los productos","timestamp":"2022-01-18T19:55:12.392Z"}
